0 info it worked if it ends with ok
1 verbose cli [ 'C:\\Program Files (x86)\\Nodist\\v\\nodev5.9.1\\node.exe',
1 verbose cli   'C:\\Program Files (x86)\\Nodist\\bin\\node_modules\\npm\\bin\\npm-cli.js',
1 verbose cli   'install',
1 verbose cli   'app-routes',
1 verbose cli   '--save' ]
2 info using npm@3.8.7
3 info using node@v5.9.1
4 silly loadCurrentTree Starting
5 silly install loadCurrentTree
6 silly install readLocalPackageData
7 silly fetchPackageMetaData app-routes
8 silly fetchNamedPackageData app-routes
9 silly mapToRegistry name app-routes
10 silly mapToRegistry using default registry
11 silly mapToRegistry registry https://registry.npmjs.org/
12 silly mapToRegistry data Result {
12 silly mapToRegistry   raw: 'app-routes',
12 silly mapToRegistry   scope: null,
12 silly mapToRegistry   name: 'app-routes',
12 silly mapToRegistry   rawSpec: '',
12 silly mapToRegistry   spec: 'latest',
12 silly mapToRegistry   type: 'tag' }
13 silly mapToRegistry uri https://registry.npmjs.org/app-routes
14 verbose request uri https://registry.npmjs.org/app-routes
15 verbose request no auth needed
16 info attempt registry request try #1 at 7:41:16 PM
17 verbose request id e556d983d62b180b
18 http request GET https://registry.npmjs.org/app-routes
19 http 200 https://registry.npmjs.org/app-routes
20 verbose headers { server: 'CouchDB/1.5.0 (Erlang OTP/R16B03)',
20 verbose headers   etag: '"B7VVO5SAEFLRK00SABVTA5Z8W"',
20 verbose headers   'content-type': 'application/json',
20 verbose headers   'content-encoding': 'gzip',
20 verbose headers   'cache-control': 'max-age=300',
20 verbose headers   'content-length': '1487',
20 verbose headers   'accept-ranges': 'bytes',
20 verbose headers   date: 'Fri, 29 Apr 2016 02:41:17 GMT',
20 verbose headers   via: '1.1 varnish',
20 verbose headers   age: '0',
20 verbose headers   connection: 'keep-alive',
20 verbose headers   'x-served-by': 'cache-ord1743-ORD',
20 verbose headers   'x-cache': 'MISS',
20 verbose headers   'x-cache-hits': '0',
20 verbose headers   'x-timer': 'S1461897676.980017,VS0,VE92',
20 verbose headers   vary: 'Accept-Encoding' }
21 silly get cb [ 200,
21 silly get   { server: 'CouchDB/1.5.0 (Erlang OTP/R16B03)',
21 silly get     etag: '"B7VVO5SAEFLRK00SABVTA5Z8W"',
21 silly get     'content-type': 'application/json',
21 silly get     'content-encoding': 'gzip',
21 silly get     'cache-control': 'max-age=300',
21 silly get     'content-length': '1487',
21 silly get     'accept-ranges': 'bytes',
21 silly get     date: 'Fri, 29 Apr 2016 02:41:17 GMT',
21 silly get     via: '1.1 varnish',
21 silly get     age: '0',
21 silly get     connection: 'keep-alive',
21 silly get     'x-served-by': 'cache-ord1743-ORD',
21 silly get     'x-cache': 'MISS',
21 silly get     'x-cache-hits': '0',
21 silly get     'x-timer': 'S1461897676.980017,VS0,VE92',
21 silly get     vary: 'Accept-Encoding' } ]
22 verbose get saving app-routes to C:\Users\c5236199\AppData\Roaming\npm-cache\registry.npmjs.org\app-routes\.cache.json
23 verbose correctMkdir C:\Users\c5236199\AppData\Roaming\npm-cache correctMkdir not in flight; initializing
24 silly install normalizeTree
25 silly loadCurrentTree Finishing
26 silly loadIdealTree Starting
27 silly install loadIdealTree
28 silly cloneCurrentTree Starting
29 silly install cloneCurrentTreeToIdealTree
30 silly cloneCurrentTree Finishing
31 silly loadShrinkwrap Starting
32 silly install loadShrinkwrap
33 silly loadShrinkwrap Finishing
34 silly loadAllDepsIntoIdealTree Starting
35 silly install loadAllDepsIntoIdealTree
36 silly rollbackFailedOptional Starting
37 silly rollbackFailedOptional Finishing
38 silly runTopLevelLifecycles Starting
39 silly runTopLevelLifecycles Finishing
40 silly install printInstalled
41 verbose stack Error: Unsupported platform for app-routes@0.1.0: wanted {"name":"app-routes","version":"0.1.0","main":"./routes.js","dependencies":{},"devDependencies":{"mocha":"*","should":"*"},"engines":{"node":"*"},"author":{"name":"Robert Schooley","email":"robert.schooley@gmail.com"},"bugs":{"url":"https://github.com/rschooley/app-routes/issues"},"description":"Convention based routes with before action/filter for express.js","homepage":"https://github.com/rschooley/app-routes","keywords":["routing","controllers","action filters","make it like rails"],"license":"MIT","os":["darwin","linux"],"private":false,"repository":{"type":"git","url":"git+https://github.com/rschooley/app-routes.git"},"readme":"app-routes\n==========\n\nRoute mapping kinda like Rails\n\n### install\n``` bash\nnpm install app-routes\n```\n\n### config/routes.js file\n``` javascript\nvar appRoutes   = require('app-routes')(__dirname),\n    match       = appRoutes.match,\n    resources   = appRoutes.resources,\n    root        = appRoutes.root;\n\nvar routes = {\n    draw: function (app) {\n        root(app, 'home#index');\n\n        // alias\n        match(app, 'get', 'signup', 'users#create');\n\n        // standard REST actions\n        resources(app, 'users');\n    }\n};\n\nmodule.exports = routes;\n```\n\n### web.js (app.js, server.js)\n``` javascript\nvar express         = require('express'),\n    app             = express(),\n    routes          = require('./config/routes');\n...\nroutes.draw(app);\n```\n\n### controller\n``` javascript\nvar _   = require('underscore'),\n    Foo = require('../models/foo');\n\nvar fooController = {\n\n    // add middleware\n    beforeActions: [\n        { filter: authorize },\n        { filter: findFoo, only: ['update'] }\n    ],\n\n    index: function (req, res, next) {\n        res.json([]);\n    },\n\n    update: function (req, res, next) {\n        var foo = fooParams(req);\n\n        Foo.findByIdAndUpdate(req.params.id, foo, function (err, doc) {\n            if (err) return next(err);\n\n            res.json(doc);\n        });\n    }\n};\n\nfunction authorize (req, res, next) {\n    // find user by some token/cookie/header\n    if (!cool) {\n        return next(new Error('not cool'));\n    }\n\n    next();\n};\n\nfunction findFoo () {\n    Foo.findById(req.params.id, function (err, doc) {\n        if (err) return next(err);\n\n        req.foo = doc;\n        next();\n    });\n};\n\n// whitelist values from client (like Rails 4)\nfunction fooParams (req) {\n    return _.pick(req.body, 'bar', 'baz');\n};\n\nmodule.exports = fooController;\n```\n","readmeFilename":"README.md","_id":"app-routes@0.1.0","dist":{"shasum":"441d520f55cfe29b277cbf99d436aa5cbeb53b32","tarball":"https://registry.npmjs.org/app-routes/-/app-routes-0.1.0.tgz"},"_npmVersion":"1.3.5","_npmUser":{"name":"rschooley","email":"robert.schooley@gmail.com"},"maintainers":[{"name":"rschooley","email":"robert.schooley@gmail.com"}],"directories":{},"_requested":{"raw":"app-routes","scope":null,"name":"app-routes","rawSpec":"","spec":"latest","type":"tag"},"_spec":"app-routes","_where":"C:\\Users\\c5236199\\Documents\\GitHub\\app","_args":[["app-routes","C:\\Users\\c5236199\\Documents\\GitHub\\app"]]} (current: {"os":"win32","cpu":"ia32"})
41 verbose stack     at checkPlatform (C:\Program Files (x86)\Nodist\bin\node_modules\npm\node_modules\npm-install-checks\index.js:45:14)
41 verbose stack     at thenWarnEngineIssues (C:\Program Files (x86)\Nodist\bin\node_modules\npm\lib\install\validate-args.js:41:5)
41 verbose stack     at C:\Program Files (x86)\Nodist\bin\node_modules\npm\node_modules\iferr\index.js:13:50
41 verbose stack     at checkEngine (C:\Program Files (x86)\Nodist\bin\node_modules\npm\node_modules\npm-install-checks\index.js:24:10)
41 verbose stack     at module.exports.isInstallable (C:\Program Files (x86)\Nodist\bin\node_modules\npm\lib\install\validate-args.js:38:3)
41 verbose stack     at Array.<anonymous> (C:\Program Files (x86)\Nodist\bin\node_modules\npm\node_modules\slide\lib\bind-actor.js:15:8)
41 verbose stack     at LOOP (C:\Program Files (x86)\Nodist\bin\node_modules\npm\node_modules\slide\lib\chain.js:15:14)
41 verbose stack     at C:\Program Files (x86)\Nodist\bin\node_modules\npm\node_modules\slide\lib\chain.js:18:7
41 verbose stack     at checkSelf (C:\Program Files (x86)\Nodist\bin\node_modules\npm\lib\install\validate-args.js:46:72)
41 verbose stack     at Array.<anonymous> (C:\Program Files (x86)\Nodist\bin\node_modules\npm\node_modules\slide\lib\bind-actor.js:15:8)
42 verbose pkgid app-routes@0.1.0
43 verbose cwd C:\Users\c5236199\Documents\GitHub\app
44 error Windows_NT 6.3.9600
45 error argv "C:\\Program Files (x86)\\Nodist\\v\\nodev5.9.1\\node.exe" "C:\\Program Files (x86)\\Nodist\\bin\\node_modules\\npm\\bin\\npm-cli.js" "install" "app-routes" "--save"
46 error node v5.9.1
47 error npm  v3.8.7
48 error code EBADPLATFORM
49 error notsup Not compatible with your operating system or architecture: app-routes@0.1.0
50 error notsup Valid OS:    darwin,linux
50 error notsup Valid Arch:  any
50 error notsup Actual OS:   win32
50 error notsup Actual Arch: ia32
51 verbose exit [ 1, true ]
